Arguments: 
  C:\Program Files\nodejs\node.exe C:\Users\Jennr\AppData\Roaming\npm\node_modules\yarn\bin\yarn.js install

PATH: 
  D:\BtSoft\php\82;D:\Java\jdk-11\bin;C:\Program Files (x86)\Common Files\Oracle\Java\javapath;C:\Program Files\Common Files\Oracle\Java\javapath;C:\Windows\system32;C:\Windows;C:\Windows\System32\Wbem;C:\Windows\System32\WindowsPowerShell\v1.0\;C:\Windows\System32\OpenSSH\;C:\Program Files\Git\cmd;C:\Program Files\Microsoft SQL Server\Client SDK\ODBC\170\Tools\Binn\;C:\Program Files (x86)\Microsoft SQL Server\150\Tools\Binn\;C:\Program Files\Microsoft SQL Server\150\Tools\Binn\;C:\Program Files\Microsoft SQL Server\150\DTS\Binn\;C:\Program Files (x86)\Microsoft SQL Server\150\DTS\Binn\;D:\Application\Tesseract-OCR;C:\Program Files\nodejs\;D:\Application\Redis\;C:\Program Files\Bandizip\;C:\Program Files\Bandizip\Bandizip;C:\Program Files\dotnet\;C:\Program Files\python;C:\Program Files\python\Scripts;;D:\BtSoft\panel\script;D:\BtSoft\php\82;d:\application\composer;C:\Program Files\PuTTY\;C:\Users\Jennr\AppData\Local\Programs\Python\Python311\Scripts\;C:\Users\Jennr\AppData\Local\Programs\Python\Python311\;C:\Users\Jennr\AppData\Local\Programs\Python\Python37\Scripts\;C:\Users\Jennr\AppData\Local\Programs\Python\Python37\;C:\Users\Jennr\AppData\Local\Programs\Python\Python39\Scripts\;C:\Users\Jennr\AppData\Local\Programs\Python\Python39\;C:\Users\Jennr\AppData\Local\Microsoft\WindowsApps;C:\Program Files\Azure Data Studio\bin;C:\Users\Jennr\.dotnet\tools;d:\application\Fiddler;C:\Users\Jennr\AppData\Roaming\npm;C:\Users\Jennr\.dotnet\tools;C:\Users\Jennr\AppData\Roaming\Composer\vendor\bin;%IntelliJ IDEA%;C:\Users\Jennr\AppData\Local\Programs\Microsoft VS Code\bin;D:\GoLang\sdk\go1.21.3\bin;

Yarn version: 
  1.22.19

Node version: 
  18.16.0

Platform: 
  win32 x64

Trace: 
  Error: connect ETIMEDOUT 104.16.2.35:443
      at TCPConnectWrap.afterConnect [as oncomplete] (node:net:1494:16)

npm manifest: 
  {
      "name": "@nodeloc/flarum-ignore-hidden-tags",
      "private": true,
      "version": "0.0.0",
      "devDependencies": {
          "flarum-webpack-config": "^2.0.0",
          "webpack": "^5.65.0",
          "webpack-cli": "^4.9.1",
          "prettier": "^2.5.1",
          "@flarum/prettier-config": "^1.0.0",
          "flarum-tsconfig": "^1.0.2",
          "typescript": "^4.5.4",
          "typescript-coverage-report": "^0.6.1"
      },
      "scripts": {
          "dev": "webpack --mode development --watch",
          "build": "webpack --mode production",
          "analyze": "cross-env ANALYZER=true yarn run build",
          "format": "prettier --write src",
          "format-check": "prettier --check src",
          "clean-typings": "npx rimraf dist-typings && mkdir dist-typings",
          "build-typings": "yarn run clean-typings && ([ -e src/@types ] && cp -r src/@types dist-typings/@types || true) && tsc && yarn run post-build-typings",
          "post-build-typings": "find dist-typings -type f -name '*.d.ts' -print0 | xargs -0 sed -i 's,../src/@types,@types,g'",
          "check-typings": "tsc --noEmit --emitDeclarationOnly false",
          "check-typings-coverage": "typescript-coverage-report"
      },
      "prettier": "@flarum/prettier-config"
  }

yarn manifest: 
  No manifest

Lockfile: 
  No lockfile
